<?xml version="1.0" encoding="UTF-8"?>
<coverage generated="1687658680666" clover="3.2.0">
  <project timestamp="1687658680666" name="All files">
    <metrics statements="83" coveredstatements="41" conditionals="44" coveredconditionals="19" methods="34" coveredmethods="12" elements="161" coveredelements="72" complexity="0" loc="83" ncloc="83" packages="6" files="10" classes="10"/>
    <package name="src.components.common">
      <metrics statements="2" coveredstatements="1" conditionals="0" coveredconditionals="0" methods="1" coveredmethods="0"/>
      <file name="Spinner.jsx" path="/Users/ulisesvargas/PRACTICE/REACT/my-react-redux-app/src/components/common/Spinner.jsx">
        <metrics statements="2" coveredstatements="1" conditionals="0" coveredconditionals="0" methods="1" coveredmethods="0"/>
        <line num="4" count="1" type="stmt"/>
        <line num="5" count="0" type="stmt"/>
      </file>
    </package>
    <package name="src.components.courses">
      <metrics statements="41" coveredstatements="19" conditionals="34" coveredconditionals="13" methods="15" coveredmethods="7"/>
      <file name="CourseForm.jsx" path="/Users/ulisesvargas/PRACTICE/REACT/my-react-redux-app/src/components/courses/CourseForm.jsx">
        <metrics statements="4" coveredstatements="4" conditionals="10" coveredconditionals="6" methods="2" coveredmethods="2"/>
        <line num="6" count="2" type="stmt"/>
        <line num="14" count="4" type="stmt"/>
        <line num="35" count="3" type="stmt"/>
        <line num="63" count="2" type="stmt"/>
      </file>
      <file name="ManageCoursePage.jsx" path="/Users/ulisesvargas/PRACTICE/REACT/my-react-redux-app/src/components/courses/ManageCoursePage.jsx">
        <metrics statements="37" coveredstatements="15" conditionals="24" coveredconditionals="7" methods="13" coveredmethods="5"/>
        <line num="14" count="1" type="stmt"/>
        <line num="15" count="1" type="stmt"/>
        <line num="16" count="1" type="stmt"/>
        <line num="17" count="1" type="stmt"/>
        <line num="18" count="2" type="stmt"/>
        <line num="19" count="2" type="stmt"/>
        <line num="20" count="1" type="stmt"/>
        <line num="21" count="1" type="stmt"/>
        <line num="22" count="1" type="stmt"/>
        <line num="24" count="1" type="stmt"/>
        <line num="25" count="1" type="cond" truecount="1" falsecount="1"/>
        <line num="26" count="0" type="stmt"/>
        <line num="28" count="1" type="cond" truecount="1" falsecount="1"/>
        <line num="29" count="0" type="stmt"/>
        <line num="33" count="1" type="stmt"/>
        <line num="34" count="1" type="cond" truecount="2" falsecount="2"/>
        <line num="35" count="0" type="stmt"/>
        <line num="36" count="0" type="stmt"/>
        <line num="41" count="0" type="stmt"/>
        <line num="42" count="0" type="stmt"/>
        <line num="50" count="0" type="stmt"/>
        <line num="51" count="0" type="stmt"/>
        <line num="53" count="0" type="cond" truecount="0" falsecount="2"/>
        <line num="54" count="0" type="cond" truecount="0" falsecount="2"/>
        <line num="55" count="0" type="cond" truecount="0" falsecount="2"/>
        <line num="57" count="0" type="stmt"/>
        <line num="59" count="0" type="stmt"/>
        <line num="63" count="0" type="stmt"/>
        <line num="65" count="0" type="cond" truecount="0" falsecount="2"/>
        <line num="66" count="0" type="stmt"/>
        <line num="67" count="0" type="stmt"/>
        <line num="69" count="0" type="stmt"/>
        <line num="70" count="0" type="stmt"/>
        <line num="73" count="0" type="stmt"/>
        <line num="74" count="0" type="stmt"/>
        <line num="80" count="1" type="cond" truecount="3" falsecount="1"/>
        <line num="97" count="0" type="cond" truecount="0" falsecount="2"/>
      </file>
    </package>
    <package name="src.redux.actions">
      <metrics statements="26" coveredstatements="9" conditionals="2" coveredconditionals="0" methods="14" coveredmethods="2"/>
      <file name="actionTypes.js" path="/Users/ulisesvargas/PRACTICE/REACT/my-react-redux-app/src/redux/actions/actionTypes.js">
        <metrics statements="7" coveredstatements="7" conditionals="0" coveredconditionals="0" methods="0" coveredmethods="0"/>
        <line num="1" count="4" type="stmt"/>
        <line num="2" count="4" type="stmt"/>
        <line num="3" count="4" type="stmt"/>
        <line num="4" count="4" type="stmt"/>
        <line num="5" count="4" type="stmt"/>
        <line num="6" count="4" type="stmt"/>
        <line num="13" count="4" type="stmt"/>
      </file>
      <file name="courseActions.js" path="/Users/ulisesvargas/PRACTICE/REACT/my-react-redux-app/src/redux/actions/courseActions.js">
        <metrics statements="19" coveredstatements="2" conditionals="2" coveredconditionals="0" methods="14" coveredmethods="2"/>
        <line num="6" count="0" type="stmt"/>
        <line num="13" count="3" type="stmt"/>
        <line num="20" count="1" type="stmt"/>
        <line num="27" count="0" type="stmt"/>
        <line num="33" count="0" type="stmt"/>
        <line num="35" count="0" type="stmt"/>
        <line num="37" count="0" type="stmt"/>
        <line num="41" count="0" type="stmt"/>
        <line num="45" count="0" type="stmt"/>
        <line num="46" count="0" type="stmt"/>
        <line num="53" count="0" type="stmt"/>
        <line num="54" count="0" type="stmt"/>
        <line num="55" count="0" type="stmt"/>
        <line num="58" count="0" type="cond" truecount="0" falsecount="2"/>
        <line num="64" count="0" type="stmt"/>
        <line num="65" count="0" type="stmt"/>
        <line num="71" count="0" type="stmt"/>
        <line num="74" count="0" type="stmt"/>
        <line num="75" count="0" type="stmt"/>
      </file>
    </package>
    <package name="src.redux.reducers">
      <metrics statements="8" coveredstatements="6" conditionals="8" coveredconditionals="6" methods="3" coveredmethods="2"/>
      <file name="courseReducer.js" path="/Users/ulisesvargas/PRACTICE/REACT/my-react-redux-app/src/redux/reducers/courseReducer.js">
        <metrics statements="7" coveredstatements="5" conditionals="8" coveredconditionals="6" methods="3" coveredmethods="2"/>
        <line num="4" count="6" type="cond" truecount="3" falsecount="2"/>
        <line num="7" count="2" type="stmt"/>
        <line num="9" count="0" type="stmt"/>
        <line num="11" count="1" type="stmt"/>
        <line num="12" count="3" type="cond" truecount="2" falsecount="0"/>
        <line num="15" count="0" type="stmt"/>
        <line num="17" count="3" type="stmt"/>
      </file>
      <file name="index.js" path="/Users/ulisesvargas/PRACTICE/REACT/my-react-redux-app/src/redux/reducers/index.js">
        <metrics statements="1" coveredstatements="1" conditionals="0" coveredconditionals="0" methods="0" coveredmethods="0"/>
        <line num="7" count="1" type="stmt"/>
      </file>
      <file name="initialState.js" path="/Users/ulisesvargas/PRACTICE/REACT/my-react-redux-app/src/redux/reducers/initialState.js">
        <metrics statements="0" coveredstatements="0" conditionals="0" coveredconditionals="0" methods="0" coveredmethods="0"/>
      </file>
    </package>
    <package name="src.test.utils">
      <metrics statements="3" coveredstatements="3" conditionals="0" coveredconditionals="0" methods="1" coveredmethods="1"/>
      <file name="renderConnected.js" path="/Users/ulisesvargas/PRACTICE/REACT/my-react-redux-app/src/test/utils/renderConnected.js">
        <metrics statements="3" coveredstatements="3" conditionals="0" coveredconditionals="0" methods="1" coveredmethods="1"/>
        <line num="10" count="1" type="stmt"/>
        <line num="11" count="1" type="stmt"/>
        <line num="14" count="1" type="stmt"/>
      </file>
    </package>
    <package name="tools">
      <metrics statements="3" coveredstatements="3" conditionals="0" coveredconditionals="0" methods="0" coveredmethods="0"/>
      <file name="mockDataReact.js" path="/Users/ulisesvargas/PRACTICE/REACT/my-react-redux-app/tools/mockDataReact.js">
        <metrics statements="3" coveredstatements="3" conditionals="0" coveredconditionals="0" methods="0" coveredmethods="0"/>
        <line num="1" count="2" type="stmt"/>
        <line num="74" count="2" type="stmt"/>
        <line num="80" count="2" type="stmt"/>
      </file>
    </package>
  </project>
</coverage>
