{"/Users/ulisesvargas/PRACTICE/REACT/my-react-redux-app/src/components/common/Spinner.jsx": {"path":"/Users/ulisesvargas/PRACTICE/REACT/my-react-redux-app/src/components/common/Spinner.jsx","statementMap":{"0":{"start":{"line":4,"column":16},"end":{"line":6,"column":1}},"1":{"start":{"line":5,"column":2},"end":{"line":5,"column":50}}},"fnMap":{"0":{"name":"(anonymous_0)","decl":{"start":{"line":4,"column":16},"end":{"line":4,"column":17}},"loc":{"start":{"line":4,"column":22},"end":{"line":6,"column":1}},"line":4}},"branchMap":{},"s":{"0":1,"1":0},"f":{"0":0},"b":{},"_coverageSchema":"1a1c01bbd47fc00a2c39e90264f33305004495a9","hash":"9ed847bf4604c93256838bd15ab63a388080d9c7"}
,"/Users/ulisesvargas/PRACTICE/REACT/my-react-redux-app/src/components/courses/CourseForm.jsx": {"path":"/Users/ulisesvargas/PRACTICE/REACT/my-react-redux-app/src/components/courses/CourseForm.jsx","statementMap":{"0":{"start":{"line":6,"column":19},"end":{"line":61,"column":1}},"1":{"start":{"line":14,"column":2},"end":{"line":60,"column":4}},"2":{"start":{"line":35,"column":42},"end":{"line":38,"column":9}},"3":{"start":{"line":63,"column":0},"end":{"line":70,"column":2}}},"fnMap":{"0":{"name":"(anonymous_0)","decl":{"start":{"line":6,"column":19},"end":{"line":6,"column":20}},"loc":{"start":{"line":13,"column":6},"end":{"line":61,"column":1}},"line":13},"1":{"name":"(anonymous_1)","decl":{"start":{"line":35,"column":29},"end":{"line":35,"column":30}},"loc":{"start":{"line":35,"column":42},"end":{"line":38,"column":9}},"line":35}},"branchMap":{"0":{"loc":{"start":{"line":11,"column":2},"end":{"line":11,"column":16}},"type":"default-arg","locations":[{"start":{"line":11,"column":11},"end":{"line":11,"column":16}}],"line":11},"1":{"loc":{"start":{"line":12,"column":2},"end":{"line":12,"column":13}},"type":"default-arg","locations":[{"start":{"line":12,"column":11},"end":{"line":12,"column":13}}],"line":12},"2":{"loc":{"start":{"line":16,"column":11},"end":{"line":16,"column":37}},"type":"cond-expr","locations":[{"start":{"line":16,"column":23},"end":{"line":16,"column":29}},{"start":{"line":16,"column":32},"end":{"line":16,"column":37}}],"line":16},"3":{"loc":{"start":{"line":17,"column":7},"end":{"line":21,"column":7}},"type":"binary-expr","locations":[{"start":{"line":17,"column":7},"end":{"line":17,"column":20}},{"start":{"line":18,"column":8},"end":{"line":20,"column":14}}],"line":17},"4":{"loc":{"start":{"line":33,"column":15},"end":{"line":33,"column":36}},"type":"binary-expr","locations":[{"start":{"line":33,"column":15},"end":{"line":33,"column":30}},{"start":{"line":33,"column":34},"end":{"line":33,"column":36}}],"line":33},"5":{"loc":{"start":{"line":57,"column":9},"end":{"line":57,"column":38}},"type":"cond-expr","locations":[{"start":{"line":57,"column":18},"end":{"line":57,"column":29}},{"start":{"line":57,"column":32},"end":{"line":57,"column":38}}],"line":57}},"s":{"0":2,"1":4,"2":3,"3":2},"f":{"0":4,"1":3},"b":{"0":[0],"1":[0],"2":[0,4],"3":[4,0],"4":[4,4],"5":[1,3]},"_coverageSchema":"1a1c01bbd47fc00a2c39e90264f33305004495a9","hash":"1529521ed43cd7e322e4b2809b7645215eb6d492"}
,"/Users/ulisesvargas/PRACTICE/REACT/my-react-redux-app/src/components/courses/ManageCoursePage.jsx": {"path":"/Users/ulisesvargas/PRACTICE/REACT/my-react-redux-app/src/components/courses/ManageCoursePage.jsx","statementMap":{"0":{"start":{"line":14,"column":19},"end":{"line":14,"column":32}},"1":{"start":{"line":15,"column":17},"end":{"line":15,"column":28}},"2":{"start":{"line":16,"column":19},"end":{"line":16,"column":32}},"3":{"start":{"line":17,"column":19},"end":{"line":17,"column":25}},"4":{"start":{"line":18,"column":18},"end":{"line":18,"column":55}},"5":{"start":{"line":18,"column":41},"end":{"line":18,"column":54}},"6":{"start":{"line":19,"column":18},"end":{"line":19,"column":55}},"7":{"start":{"line":19,"column":41},"end":{"line":19,"column":54}},"8":{"start":{"line":20,"column":30},"end":{"line":20,"column":42}},"9":{"start":{"line":21,"column":30},"end":{"line":21,"column":42}},"10":{"start":{"line":22,"column":30},"end":{"line":22,"column":45}},"11":{"start":{"line":24,"column":2},"end":{"line":31,"column":35}},"12":{"start":{"line":25,"column":4},"end":{"line":27,"column":5}},"13":{"start":{"line":26,"column":6},"end":{"line":26,"column":30}},"14":{"start":{"line":28,"column":4},"end":{"line":30,"column":5}},"15":{"start":{"line":29,"column":6},"end":{"line":29,"column":30}},"16":{"start":{"line":33,"column":2},"end":{"line":38,"column":13}},"17":{"start":{"line":34,"column":4},"end":{"line":37,"column":5}},"18":{"start":{"line":35,"column":29},"end":{"line":35,"column":59}},"19":{"start":{"line":36,"column":6},"end":{"line":36,"column":32}},"20":{"start":{"line":41,"column":28},"end":{"line":41,"column":40}},"21":{"start":{"line":42,"column":4},"end":{"line":45,"column":8}},"22":{"start":{"line":42,"column":31},"end":{"line":45,"column":5}},"23":{"start":{"line":50,"column":42},"end":{"line":50,"column":48}},"24":{"start":{"line":51,"column":19},"end":{"line":51,"column":21}},"25":{"start":{"line":53,"column":4},"end":{"line":53,"column":52}},"26":{"start":{"line":53,"column":16},"end":{"line":53,"column":52}},"27":{"start":{"line":54,"column":4},"end":{"line":54,"column":56}},"28":{"start":{"line":54,"column":19},"end":{"line":54,"column":56}},"29":{"start":{"line":55,"column":4},"end":{"line":55,"column":60}},"30":{"start":{"line":55,"column":19},"end":{"line":55,"column":60}},"31":{"start":{"line":57,"column":4},"end":{"line":57,"column":22}},"32":{"start":{"line":59,"column":4},"end":{"line":59,"column":44}},"33":{"start":{"line":63,"column":4},"end":{"line":63,"column":27}},"34":{"start":{"line":65,"column":4},"end":{"line":65,"column":31}},"35":{"start":{"line":65,"column":24},"end":{"line":65,"column":31}},"36":{"start":{"line":66,"column":4},"end":{"line":66,"column":20}},"37":{"start":{"line":67,"column":4},"end":{"line":77,"column":9}},"38":{"start":{"line":69,"column":8},"end":{"line":69,"column":39}},"39":{"start":{"line":70,"column":8},"end":{"line":70,"column":29}},"40":{"start":{"line":73,"column":8},"end":{"line":73,"column":25}},"41":{"start":{"line":74,"column":8},"end":{"line":76,"column":11}},"42":{"start":{"line":80,"column":2},"end":{"line":91,"column":4}},"43":{"start":{"line":97,"column":2},"end":{"line":97,"column":64}},"44":{"start":{"line":97,"column":34},"end":{"line":97,"column":54}}},"fnMap":{"0":{"name":"ManageCoursePage","decl":{"start":{"line":13,"column":9},"end":{"line":13,"column":25}},"loc":{"start":{"line":13,"column":28},"end":{"line":92,"column":1}},"line":13},"1":{"name":"(anonymous_1)","decl":{"start":{"line":18,"column":30},"end":{"line":18,"column":31}},"loc":{"start":{"line":18,"column":41},"end":{"line":18,"column":54}},"line":18},"2":{"name":"(anonymous_2)","decl":{"start":{"line":19,"column":30},"end":{"line":19,"column":31}},"loc":{"start":{"line":19,"column":41},"end":{"line":19,"column":54}},"line":19},"3":{"name":"(anonymous_3)","decl":{"start":{"line":24,"column":12},"end":{"line":24,"column":13}},"loc":{"start":{"line":24,"column":18},"end":{"line":31,"column":3}},"line":24},"4":{"name":"(anonymous_4)","decl":{"start":{"line":33,"column":12},"end":{"line":33,"column":13}},"loc":{"start":{"line":33,"column":18},"end":{"line":38,"column":3}},"line":33},"5":{"name":"handleChange","decl":{"start":{"line":40,"column":11},"end":{"line":40,"column":23}},"loc":{"start":{"line":40,"column":31},"end":{"line":46,"column":3}},"line":40},"6":{"name":"(anonymous_6)","decl":{"start":{"line":42,"column":14},"end":{"line":42,"column":15}},"loc":{"start":{"line":42,"column":31},"end":{"line":45,"column":5}},"line":42},"7":{"name":"formIsValid","decl":{"start":{"line":49,"column":11},"end":{"line":49,"column":22}},"loc":{"start":{"line":49,"column":25},"end":{"line":60,"column":3}},"line":49},"8":{"name":"handleSave","decl":{"start":{"line":62,"column":11},"end":{"line":62,"column":21}},"loc":{"start":{"line":62,"column":29},"end":{"line":78,"column":3}},"line":62},"9":{"name":"(anonymous_9)","decl":{"start":{"line":68,"column":12},"end":{"line":68,"column":13}},"loc":{"start":{"line":68,"column":18},"end":{"line":71,"column":7}},"line":68},"10":{"name":"(anonymous_10)","decl":{"start":{"line":72,"column":13},"end":{"line":72,"column":14}},"loc":{"start":{"line":72,"column":24},"end":{"line":77,"column":7}},"line":72},"11":{"name":"getCourseBySlug","decl":{"start":{"line":96,"column":16},"end":{"line":96,"column":31}},"loc":{"start":{"line":96,"column":47},"end":{"line":98,"column":1}},"line":96},"12":{"name":"(anonymous_12)","decl":{"start":{"line":97,"column":22},"end":{"line":97,"column":23}},"loc":{"start":{"line":97,"column":34},"end":{"line":97,"column":54}},"line":97}},"branchMap":{"0":{"loc":{"start":{"line":25,"column":4},"end":{"line":27,"column":5}},"type":"if","locations":[{"start":{"line":25,"column":4},"end":{"line":27,"column":5}},{"start":{},"end":{}}],"line":25},"1":{"loc":{"start":{"line":28,"column":4},"end":{"line":30,"column":5}},"type":"if","locations":[{"start":{"line":28,"column":4},"end":{"line":30,"column":5}},{"start":{},"end":{}}],"line":28},"2":{"loc":{"start":{"line":34,"column":4},"end":{"line":37,"column":5}},"type":"if","locations":[{"start":{"line":34,"column":4},"end":{"line":37,"column":5}},{"start":{},"end":{}}],"line":34},"3":{"loc":{"start":{"line":34,"column":8},"end":{"line":34,"column":30}},"type":"binary-expr","locations":[{"start":{"line":34,"column":8},"end":{"line":34,"column":12}},{"start":{"line":34,"column":16},"end":{"line":34,"column":30}}],"line":34},"4":{"loc":{"start":{"line":44,"column":14},"end":{"line":44,"column":63}},"type":"cond-expr","locations":[{"start":{"line":44,"column":36},"end":{"line":44,"column":55}},{"start":{"line":44,"column":58},"end":{"line":44,"column":63}}],"line":44},"5":{"loc":{"start":{"line":53,"column":4},"end":{"line":53,"column":52}},"type":"if","locations":[{"start":{"line":53,"column":4},"end":{"line":53,"column":52}},{"start":{},"end":{}}],"line":53},"6":{"loc":{"start":{"line":54,"column":4},"end":{"line":54,"column":56}},"type":"if","locations":[{"start":{"line":54,"column":4},"end":{"line":54,"column":56}},{"start":{},"end":{}}],"line":54},"7":{"loc":{"start":{"line":55,"column":4},"end":{"line":55,"column":60}},"type":"if","locations":[{"start":{"line":55,"column":4},"end":{"line":55,"column":60}},{"start":{},"end":{}}],"line":55},"8":{"loc":{"start":{"line":65,"column":4},"end":{"line":65,"column":31}},"type":"if","locations":[{"start":{"line":65,"column":4},"end":{"line":65,"column":31}},{"start":{},"end":{}}],"line":65},"9":{"loc":{"start":{"line":80,"column":9},"end":{"line":91,"column":3}},"type":"cond-expr","locations":[{"start":{"line":81,"column":4},"end":{"line":81,"column":15}},{"start":{"line":83,"column":4},"end":{"line":90,"column":6}}],"line":80},"10":{"loc":{"start":{"line":80,"column":9},"end":{"line":80,"column":53}},"type":"binary-expr","locations":[{"start":{"line":80,"column":9},"end":{"line":80,"column":29}},{"start":{"line":80,"column":33},"end":{"line":80,"column":53}}],"line":80},"11":{"loc":{"start":{"line":97,"column":9},"end":{"line":97,"column":63}},"type":"binary-expr","locations":[{"start":{"line":97,"column":9},"end":{"line":97,"column":55}},{"start":{"line":97,"column":59},"end":{"line":97,"column":63}}],"line":97}},"s":{"0":1,"1":1,"2":1,"3":1,"4":1,"5":2,"6":1,"7":2,"8":1,"9":1,"10":1,"11":1,"12":1,"13":0,"14":1,"15":0,"16":1,"17":1,"18":0,"19":0,"20":0,"21":0,"22":0,"23":0,"24":0,"25":0,"26":0,"27":0,"28":0,"29":0,"30":0,"31":0,"32":0,"33":0,"34":0,"35":0,"36":0,"37":0,"38":0,"39":0,"40":0,"41":0,"42":1,"43":0,"44":0},"f":{"0":1,"1":2,"2":2,"3":1,"4":1,"5":0,"6":0,"7":0,"8":0,"9":0,"10":0,"11":0,"12":0},"b":{"0":[0,1],"1":[0,1],"2":[0,1],"3":[1,0],"4":[0,0],"5":[0,0],"6":[0,0],"7":[0,0],"8":[0,0],"9":[0,1],"10":[1,1],"11":[0,0]},"_coverageSchema":"1a1c01bbd47fc00a2c39e90264f33305004495a9","hash":"dc8eac1ce1c631b188230bf351505cb147b0f999"}
,"/Users/ulisesvargas/PRACTICE/REACT/my-react-redux-app/src/redux/actions/actionTypes.js": {"path":"/Users/ulisesvargas/PRACTICE/REACT/my-react-redux-app/src/redux/actions/actionTypes.js","statementMap":{"0":{"start":{"line":1,"column":36},"end":{"line":1,"column":58}},"1":{"start":{"line":2,"column":36},"end":{"line":2,"column":58}},"2":{"start":{"line":3,"column":37},"end":{"line":3,"column":60}},"3":{"start":{"line":4,"column":37},"end":{"line":4,"column":60}},"4":{"start":{"line":5,"column":30},"end":{"line":5,"column":46}},"5":{"start":{"line":6,"column":30},"end":{"line":6,"column":46}},"6":{"start":{"line":13,"column":40},"end":{"line":13,"column":66}}},"fnMap":{},"branchMap":{},"s":{"0":4,"1":4,"2":4,"3":4,"4":4,"5":4,"6":4},"f":{},"b":{},"_coverageSchema":"1a1c01bbd47fc00a2c39e90264f33305004495a9","hash":"af3fd5b63cc52fce5d698394de7958e7ae015a77"}
,"/Users/ulisesvargas/PRACTICE/REACT/my-react-redux-app/src/redux/actions/courseActions.js": {"path":"/Users/ulisesvargas/PRACTICE/REACT/my-react-redux-app/src/redux/actions/courseActions.js","statementMap":{"0":{"start":{"line":6,"column":2},"end":{"line":9,"column":4}},"1":{"start":{"line":13,"column":2},"end":{"line":16,"column":4}},"2":{"start":{"line":20,"column":2},"end":{"line":23,"column":4}},"3":{"start":{"line":27,"column":2},"end":{"line":27,"column":58}},"4":{"start":{"line":33,"column":2},"end":{"line":48,"column":4}},"5":{"start":{"line":35,"column":4},"end":{"line":35,"column":29}},"6":{"start":{"line":37,"column":4},"end":{"line":47,"column":9}},"7":{"start":{"line":41,"column":8},"end":{"line":41,"column":45}},"8":{"start":{"line":45,"column":8},"end":{"line":45,"column":38}},"9":{"start":{"line":46,"column":8},"end":{"line":46,"column":20}},"10":{"start":{"line":53,"column":2},"end":{"line":67,"column":4}},"11":{"start":{"line":54,"column":4},"end":{"line":54,"column":29}},"12":{"start":{"line":55,"column":4},"end":{"line":66,"column":9}},"13":{"start":{"line":58,"column":8},"end":{"line":60,"column":55}},"14":{"start":{"line":64,"column":8},"end":{"line":64,"column":38}},"15":{"start":{"line":65,"column":8},"end":{"line":65,"column":20}},"16":{"start":{"line":71,"column":2},"end":{"line":76,"column":4}},"17":{"start":{"line":74,"column":4},"end":{"line":74,"column":45}},"18":{"start":{"line":75,"column":4},"end":{"line":75,"column":45}}},"fnMap":{"0":{"name":"loadCourseSuccess","decl":{"start":{"line":5,"column":16},"end":{"line":5,"column":33}},"loc":{"start":{"line":5,"column":43},"end":{"line":10,"column":1}},"line":5},"1":{"name":"createCourseSuccess","decl":{"start":{"line":12,"column":16},"end":{"line":12,"column":35}},"loc":{"start":{"line":12,"column":44},"end":{"line":17,"column":1}},"line":12},"2":{"name":"updateCourseSuccess","decl":{"start":{"line":19,"column":16},"end":{"line":19,"column":35}},"loc":{"start":{"line":19,"column":44},"end":{"line":24,"column":1}},"line":19},"3":{"name":"deleteCourseOptimistic","decl":{"start":{"line":26,"column":16},"end":{"line":26,"column":38}},"loc":{"start":{"line":26,"column":47},"end":{"line":28,"column":1}},"line":26},"4":{"name":"loadCourses","decl":{"start":{"line":31,"column":16},"end":{"line":31,"column":27}},"loc":{"start":{"line":31,"column":30},"end":{"line":49,"column":1}},"line":31},"5":{"name":"(anonymous_5)","decl":{"start":{"line":33,"column":9},"end":{"line":33,"column":10}},"loc":{"start":{"line":33,"column":29},"end":{"line":48,"column":3}},"line":33},"6":{"name":"(anonymous_6)","decl":{"start":{"line":39,"column":12},"end":{"line":39,"column":13}},"loc":{"start":{"line":39,"column":25},"end":{"line":42,"column":7}},"line":39},"7":{"name":"(anonymous_7)","decl":{"start":{"line":43,"column":13},"end":{"line":43,"column":14}},"loc":{"start":{"line":43,"column":24},"end":{"line":47,"column":7}},"line":43},"8":{"name":"saveCourse","decl":{"start":{"line":52,"column":16},"end":{"line":52,"column":26}},"loc":{"start":{"line":52,"column":35},"end":{"line":68,"column":1}},"line":52},"9":{"name":"(anonymous_9)","decl":{"start":{"line":53,"column":9},"end":{"line":53,"column":10}},"loc":{"start":{"line":53,"column":29},"end":{"line":67,"column":3}},"line":53},"10":{"name":"(anonymous_10)","decl":{"start":{"line":57,"column":12},"end":{"line":57,"column":13}},"loc":{"start":{"line":57,"column":29},"end":{"line":61,"column":7}},"line":57},"11":{"name":"(anonymous_11)","decl":{"start":{"line":62,"column":13},"end":{"line":62,"column":14}},"loc":{"start":{"line":62,"column":24},"end":{"line":66,"column":7}},"line":62},"12":{"name":"deleteCourse","decl":{"start":{"line":70,"column":16},"end":{"line":70,"column":28}},"loc":{"start":{"line":70,"column":37},"end":{"line":77,"column":1}},"line":70},"13":{"name":"(anonymous_13)","decl":{"start":{"line":71,"column":9},"end":{"line":71,"column":10}},"loc":{"start":{"line":71,"column":29},"end":{"line":76,"column":3}},"line":71}},"branchMap":{"0":{"loc":{"start":{"line":58,"column":8},"end":{"line":60,"column":54}},"type":"cond-expr","locations":[{"start":{"line":59,"column":12},"end":{"line":59,"column":54}},{"start":{"line":60,"column":12},"end":{"line":60,"column":54}}],"line":58}},"s":{"0":0,"1":3,"2":1,"3":0,"4":0,"5":0,"6":0,"7":0,"8":0,"9":0,"10":0,"11":0,"12":0,"13":0,"14":0,"15":0,"16":0,"17":0,"18":0},"f":{"0":0,"1":3,"2":1,"3":0,"4":0,"5":0,"6":0,"7":0,"8":0,"9":0,"10":0,"11":0,"12":0,"13":0},"b":{"0":[0,0]},"_coverageSchema":"1a1c01bbd47fc00a2c39e90264f33305004495a9","hash":"de78d4dcb1d225321172b8416aa6f0ad10c0b58a"}
,"/Users/ulisesvargas/PRACTICE/REACT/my-react-redux-app/src/redux/reducers/courseReducer.js": {"path":"/Users/ulisesvargas/PRACTICE/REACT/my-react-redux-app/src/redux/reducers/courseReducer.js","statementMap":{"0":{"start":{"line":4,"column":2},"end":{"line":18,"column":3}},"1":{"start":{"line":7,"column":6},"end":{"line":7,"column":46}},"2":{"start":{"line":9,"column":6},"end":{"line":9,"column":28}},"3":{"start":{"line":11,"column":6},"end":{"line":13,"column":8}},"4":{"start":{"line":12,"column":8},"end":{"line":12,"column":63}},"5":{"start":{"line":15,"column":6},"end":{"line":15,"column":67}},"6":{"start":{"line":15,"column":38},"end":{"line":15,"column":65}},"7":{"start":{"line":17,"column":6},"end":{"line":17,"column":19}}},"fnMap":{"0":{"name":"courseReducer","decl":{"start":{"line":3,"column":24},"end":{"line":3,"column":37}},"loc":{"start":{"line":3,"column":76},"end":{"line":19,"column":1}},"line":3},"1":{"name":"(anonymous_1)","decl":{"start":{"line":11,"column":23},"end":{"line":11,"column":24}},"loc":{"start":{"line":12,"column":8},"end":{"line":12,"column":63}},"line":12},"2":{"name":"(anonymous_2)","decl":{"start":{"line":15,"column":26},"end":{"line":15,"column":27}},"loc":{"start":{"line":15,"column":38},"end":{"line":15,"column":65}},"line":15}},"branchMap":{"0":{"loc":{"start":{"line":3,"column":38},"end":{"line":3,"column":66}},"type":"default-arg","locations":[{"start":{"line":3,"column":46},"end":{"line":3,"column":66}}],"line":3},"1":{"loc":{"start":{"line":4,"column":2},"end":{"line":18,"column":3}},"type":"switch","locations":[{"start":{"line":5,"column":4},"end":{"line":7,"column":46}},{"start":{"line":8,"column":4},"end":{"line":9,"column":28}},{"start":{"line":10,"column":4},"end":{"line":13,"column":8}},{"start":{"line":14,"column":4},"end":{"line":15,"column":67}},{"start":{"line":16,"column":4},"end":{"line":17,"column":19}}],"line":4},"2":{"loc":{"start":{"line":12,"column":8},"end":{"line":12,"column":63}},"type":"cond-expr","locations":[{"start":{"line":12,"column":41},"end":{"line":12,"column":54}},{"start":{"line":12,"column":57},"end":{"line":12,"column":63}}],"line":12}},"s":{"0":6,"1":2,"2":0,"3":1,"4":3,"5":0,"6":0,"7":3},"f":{"0":6,"1":3,"2":0},"b":{"0":[2],"1":[2,0,1,0,3],"2":[1,2]},"_coverageSchema":"1a1c01bbd47fc00a2c39e90264f33305004495a9","hash":"d22164bac172ce95737d2d360f1f40352f44bcae"}
,"/Users/ulisesvargas/PRACTICE/REACT/my-react-redux-app/src/redux/reducers/index.js": {"path":"/Users/ulisesvargas/PRACTICE/REACT/my-react-redux-app/src/redux/reducers/index.js","statementMap":{"0":{"start":{"line":7,"column":20},"end":{"line":11,"column":2}}},"fnMap":{},"branchMap":{},"s":{"0":1},"f":{},"b":{},"_coverageSchema":"1a1c01bbd47fc00a2c39e90264f33305004495a9","hash":"4243d6a8497bd616e5da2cee79b8c940276daa8c"}
,"/Users/ulisesvargas/PRACTICE/REACT/my-react-redux-app/src/redux/reducers/initialState.js": {"path":"/Users/ulisesvargas/PRACTICE/REACT/my-react-redux-app/src/redux/reducers/initialState.js","statementMap":{},"fnMap":{},"branchMap":{},"s":{},"f":{},"b":{},"_coverageSchema":"1a1c01bbd47fc00a2c39e90264f33305004495a9","hash":"df0e60e12750d4b525cbc5fd0a9aa3c040bd55e3"}
,"/Users/ulisesvargas/PRACTICE/REACT/my-react-redux-app/src/test/utils/renderConnected.js": {"path":"/Users/ulisesvargas/PRACTICE/REACT/my-react-redux-app/src/test/utils/renderConnected.js","statementMap":{"0":{"start":{"line":10,"column":21},"end":{"line":10,"column":59}},"1":{"start":{"line":11,"column":18},"end":{"line":11,"column":34}},"2":{"start":{"line":14,"column":2},"end":{"line":18,"column":4}}},"fnMap":{"0":{"name":"renderWithContext","decl":{"start":{"line":13,"column":16},"end":{"line":13,"column":33}},"loc":{"start":{"line":13,"column":43},"end":{"line":19,"column":1}},"line":13}},"branchMap":{},"s":{"0":1,"1":1,"2":1},"f":{"0":1},"b":{},"_coverageSchema":"1a1c01bbd47fc00a2c39e90264f33305004495a9","hash":"a5ba8dc4bf0848cd8a541c99ab34f86211283931"}
,"/Users/ulisesvargas/PRACTICE/REACT/my-react-redux-app/tools/mockDataReact.js": {"path":"/Users/ulisesvargas/PRACTICE/REACT/my-react-redux-app/tools/mockDataReact.js","statementMap":{"0":{"start":{"line":1,"column":16},"end":{"line":72,"column":1}},"1":{"start":{"line":74,"column":16},"end":{"line":78,"column":1}},"2":{"start":{"line":80,"column":18},"end":{"line":85,"column":1}}},"fnMap":{},"branchMap":{},"s":{"0":2,"1":2,"2":2},"f":{},"b":{},"_coverageSchema":"1a1c01bbd47fc00a2c39e90264f33305004495a9","hash":"ae3af70b437c4ff5930e70a430a2dc6bb2d20647"}
}
