TN:
SF:src/components/common/Spinner.jsx
FN:4,(anonymous_0)
FNF:1
FNH:0
FNDA:0,(anonymous_0)
DA:4,1
DA:5,0
LF:2
LH:1
BRF:0
BRH:0
end_of_record
TN:
SF:src/components/courses/CourseForm.jsx
FN:6,(anonymous_0)
FN:35,(anonymous_1)
FNF:2
FNH:2
FNDA:4,(anonymous_0)
FNDA:3,(anonymous_1)
DA:6,2
DA:14,4
DA:35,3
DA:63,2
LF:4
LH:4
BRDA:11,0,0,0
BRDA:12,1,0,0
BRDA:16,2,0,0
BRDA:16,2,1,4
BRDA:17,3,0,4
BRDA:17,3,1,0
BRDA:33,4,0,4
BRDA:33,4,1,4
BRDA:57,5,0,1
BRDA:57,5,1,3
BRF:10
BRH:6
end_of_record
TN:
SF:src/components/courses/ManageCoursePage.jsx
FN:13,ManageCoursePage
FN:18,(anonymous_1)
FN:19,(anonymous_2)
FN:24,(anonymous_3)
FN:33,(anonymous_4)
FN:40,handleChange
FN:42,(anonymous_6)
FN:49,formIsValid
FN:62,handleSave
FN:68,(anonymous_9)
FN:72,(anonymous_10)
FN:96,getCourseBySlug
FN:97,(anonymous_12)
FNF:13
FNH:5
FNDA:1,ManageCoursePage
FNDA:2,(anonymous_1)
FNDA:2,(anonymous_2)
FNDA:1,(anonymous_3)
FNDA:1,(anonymous_4)
FNDA:0,handleChange
FNDA:0,(anonymous_6)
FNDA:0,formIsValid
FNDA:0,handleSave
FNDA:0,(anonymous_9)
FNDA:0,(anonymous_10)
FNDA:0,getCourseBySlug
FNDA:0,(anonymous_12)
DA:14,1
DA:15,1
DA:16,1
DA:17,1
DA:18,2
DA:19,2
DA:20,1
DA:21,1
DA:22,1
DA:24,1
DA:25,1
DA:26,0
DA:28,1
DA:29,0
DA:33,1
DA:34,1
DA:35,0
DA:36,0
DA:41,0
DA:42,0
DA:50,0
DA:51,0
DA:53,0
DA:54,0
DA:55,0
DA:57,0
DA:59,0
DA:63,0
DA:65,0
DA:66,0
DA:67,0
DA:69,0
DA:70,0
DA:73,0
DA:74,0
DA:80,1
DA:97,0
LF:37
LH:15
BRDA:25,0,0,0
BRDA:25,0,1,1
BRDA:28,1,0,0
BRDA:28,1,1,1
BRDA:34,2,0,0
BRDA:34,2,1,1
BRDA:34,3,0,1
BRDA:34,3,1,0
BRDA:44,4,0,0
BRDA:44,4,1,0
BRDA:53,5,0,0
BRDA:53,5,1,0
BRDA:54,6,0,0
BRDA:54,6,1,0
BRDA:55,7,0,0
BRDA:55,7,1,0
BRDA:65,8,0,0
BRDA:65,8,1,0
BRDA:80,9,0,0
BRDA:80,9,1,1
BRDA:80,10,0,1
BRDA:80,10,1,1
BRDA:97,11,0,0
BRDA:97,11,1,0
BRF:24
BRH:7
end_of_record
TN:
SF:src/redux/actions/actionTypes.js
FNF:0
FNH:0
DA:1,4
DA:2,4
DA:3,4
DA:4,4
DA:5,4
DA:6,4
DA:13,4
LF:7
LH:7
BRF:0
BRH:0
end_of_record
TN:
SF:src/redux/actions/courseActions.js
FN:5,loadCourseSuccess
FN:12,createCourseSuccess
FN:19,updateCourseSuccess
FN:26,deleteCourseOptimistic
FN:31,loadCourses
FN:33,(anonymous_5)
FN:39,(anonymous_6)
FN:43,(anonymous_7)
FN:52,saveCourse
FN:53,(anonymous_9)
FN:57,(anonymous_10)
FN:62,(anonymous_11)
FN:70,deleteCourse
FN:71,(anonymous_13)
FNF:14
FNH:2
FNDA:0,loadCourseSuccess
FNDA:3,createCourseSuccess
FNDA:1,updateCourseSuccess
FNDA:0,deleteCourseOptimistic
FNDA:0,loadCourses
FNDA:0,(anonymous_5)
FNDA:0,(anonymous_6)
FNDA:0,(anonymous_7)
FNDA:0,saveCourse
FNDA:0,(anonymous_9)
FNDA:0,(anonymous_10)
FNDA:0,(anonymous_11)
FNDA:0,deleteCourse
FNDA:0,(anonymous_13)
DA:6,0
DA:13,3
DA:20,1
DA:27,0
DA:33,0
DA:35,0
DA:37,0
DA:41,0
DA:45,0
DA:46,0
DA:53,0
DA:54,0
DA:55,0
DA:58,0
DA:64,0
DA:65,0
DA:71,0
DA:74,0
DA:75,0
LF:19
LH:2
BRDA:58,0,0,0
BRDA:58,0,1,0
BRF:2
BRH:0
end_of_record
TN:
SF:src/redux/reducers/courseReducer.js
FN:3,courseReducer
FN:11,(anonymous_1)
FN:15,(anonymous_2)
FNF:3
FNH:2
FNDA:6,courseReducer
FNDA:3,(anonymous_1)
FNDA:0,(anonymous_2)
DA:4,6
DA:7,2
DA:9,0
DA:11,1
DA:12,3
DA:15,0
DA:17,3
LF:7
LH:5
BRDA:3,0,0,2
BRDA:4,1,0,2
BRDA:4,1,1,0
BRDA:4,1,2,1
BRDA:4,1,3,0
BRDA:4,1,4,3
BRDA:12,2,0,1
BRDA:12,2,1,2
BRF:8
BRH:6
end_of_record
TN:
SF:src/redux/reducers/index.js
FNF:0
FNH:0
DA:7,1
LF:1
LH:1
BRF:0
BRH:0
end_of_record
TN:
SF:src/redux/reducers/initialState.js
FNF:0
FNH:0
LF:0
LH:0
BRF:0
BRH:0
end_of_record
TN:
SF:src/test/utils/renderConnected.js
FN:13,renderWithContext
FNF:1
FNH:1
FNDA:1,renderWithContext
DA:10,1
DA:11,1
DA:14,1
LF:3
LH:3
BRF:0
BRH:0
end_of_record
TN:
SF:tools/mockDataReact.js
FNF:0
FNH:0
DA:1,2
DA:74,2
DA:80,2
LF:3
LH:3
BRF:0
BRH:0
end_of_record
